#
# A fatal error has been detected by the Java Runtime Environment:
#
#  SIGSEGV (0xb) at pc=0x00000001396d55a1, pid=11589, tid=30211
#
# JRE version: OpenJDK Runtime Environment AdoptOpenJDK (14.0+36) (build 14+36)
# Java VM: OpenJDK 64-Bit Server VM AdoptOpenJDK (14+36, mixed mode, sharing, tiered, compressed oops, g1 gc, bsd-amd64)
# Problematic frame:
# C  [Python+0xab5a1]  _PyEval_EvalFrameDefault+0x55c9
#
# No core dump will be written. Core dumps have been disabled. To enable core dumping, try "ulimit -c unlimited" before starting Java again
#
# If you would like to submit a bug report, please visit:
#   https://github.com/AdoptOpenJDK/openjdk-support/issues
# The crash happened outside the Java Virtual Machine in native code.
# See problematic frame for where to report the bug.
#

---------------  S U M M A R Y ------------

Command Line: -Dfile.encoding=UTF-8 -XX:-OmitStackTraceInFastThrow -XX:+TieredCompilation -XX:TieredStopAtLevel=1 -Dclojure.compile.path=/Users/piotr-yuxuan/src/github.com/piotr-yuxuan/minimal-bug/target/classes -Dminimal-bug.version=0.1.0-SNAPSHOT -Dclojure.debug=false clojure.main -i /private/var/folders/yq/nvhn59ys14qgz2cnx4bjndpm0000gn/T/form-init3281966151509698416.clj

Host: MacBookPro16,1 x86_64 2600 MHz, 12 cores, 32G, Darwin 19.3.0
Time: Wed Jul 22 23:37:10 2020 BST elapsed time: 11 seconds (0d 0h 0m 11s)

---------------  T H R E A D  ---------------

Current thread (0x00007fe6f440b800):  JavaThread "pool-1-thread-1" [_thread_in_native, id=30211, stack(0x000070000b155000,0x000070000b255000)]

Stack: [0x000070000b155000,0x000070000b255000],  sp=0x000070000b253320,  free space=1016k
Native frames: (J=compiled Java code, A=aot compiled Java code, j=interpreted, Vv=VM code, C=native code)
C  [Python+0xab5a1]  _PyEval_EvalFrameDefault+0x55c9
C  [Python+0xaf2cd]  _PyEval_EvalCodeWithName+0x6a2
C  [Python+0x1909c]  _PyFunction_FastCallDict+0x1bc
C  [jna8064114215487695207.tmp+0xde74]  ffi_call_unix64+0x4c

Java frames: (J=compiled Java code, j=interpreted, Vv=VM code)
J 3845  libpython_clj.jna.DirectMapped.PyObject_CallObject(Lcom/sun/jna/Pointer;Lcom/sun/jna/Pointer;)Lcom/sun/jna/Pointer; (0 bytes) @ 0x000000010fb69593 [0x000000010fb69520+0x0000000000000073]
J 3844 c1 libpython_clj.jna.protocols.object$PyObject_CallObject.invokeStatic(Ljava/lang/Object;Ljava/lang/Object;)Ljava/lang/Object; (44 bytes) @ 0x000000010fb6a974 [0x000000010fb6a7e0+0x0000000000000194]
J 3843 c1 libpython_clj.jna.protocols.object$PyObject_CallObject.invoke(Ljava/lang/Object;Ljava/lang/Object;)Ljava/lang/Object; (10 bytes) @ 0x000000010fb6a4fc [0x000000010fb6a4a0+0x000000000000005c]
j  libpython_clj.python.object$eval30374$fn__30375.invoke(Ljava/lang/Object;Ljava/lang/Object;Ljava/lang/Object;)Ljava/lang/Object;+259
J 3914 c1 libpython_clj.python.protocols$eval25214$fn__25215$G__25205__25224.invoke(Ljava/lang/Object;Ljava/lang/Object;Ljava/lang/Object;)Ljava/lang/Object; (112 bytes) @ 0x000000010fb8796c [0x000000010fb87680+0x00000000000002ec]
j  libpython_clj.python.bridge$generic_python_as_jvm$reify__31259.do_call_fn(Ljava/lang/Object;Ljava/lang/Object;)Ljava/lang/Object;+200
J 3969 c1 libpython_clj.python.protocols$call_kw.invokeStatic(Ljava/lang/Object;Ljava/lang/Object;Ljava/lang/Object;)Ljava/lang/Object; (63 bytes) @ 0x000000010fb9e92c [0x000000010fb9e740+0x00000000000001ec]
J 3968 c1 libpython_clj.python.protocols$call_kw.invoke(Ljava/lang/Object;Ljava/lang/Object;Ljava/lang/Object;)Ljava/lang/Object; (13 bytes) @ 0x000000010fb9e47c [0x000000010fb9e420+0x000000000000005c]
J 3965 c1 libpython_clj.python.bridge$cfn.invokeStatic(Ljava/lang/Object;Lclojure/lang/ISeq;)Ljava/lang/Object; (67 bytes) @ 0x000000010fb9dbf4 [0x000000010fb9d8a0+0x0000000000000354]
J 3964 c1 libpython_clj.python.bridge$cfn.doInvoke(Ljava/lang/Object;Ljava/lang/Object;)Ljava/lang/Object; (13 bytes) @ 0x000000010fb9d554 [0x000000010fb9d4a0+0x00000000000000b4]
J 1127 c1 clojure.lang.RestFn.invoke(Ljava/lang/Object;)Ljava/lang/Object; (73 bytes) @ 0x000000010f5cd774 [0x000000010f5cd680+0x00000000000000f4]
j  libpython_clj.python.bridge$generic_python_as_jvm$reify__31259.invoke()Ljava/lang/Object;+83
j  core$thunk_fn$fn__35476.invoke()Ljava/lang/Object;+38
j  core$new_thread_fail$fn__35481.invoke()Ljava/lang/Object;+7
j  clojure.lang.AFn.call()Ljava/lang/Object;+1
j  java.util.concurrent.FutureTask.run()V+39 java.base@14
j  java.util.concurrent.ThreadPoolExecutor.runWorker(Ljava/util/concurrent/ThreadPoolExecutor$Worker;)V+92 java.base@14
j  java.util.concurrent.ThreadPoolExecutor$Worker.run()V+5 java.base@14
j  java.lang.Thread.run()V+11 java.base@14
v  ~StubRoutines::call_stub

siginfo: si_signo: 11 (SIGSEGV), si_code: 1 (SEGV_MAPERR), si_addr: 0x0000000000000003

Register to memory mapping:

RAX=0x0000000000000003 is an unknown value
RBX=0x0000000139d70458 points into unknown readable memory: 02 00 00 00 0d 00 00 00
RCX=0x0000000139d70560 points into unknown readable memory: c0 08 d2 39 01 00 00 00
RDX=0xfffffffffffffffe is an unknown value
RSP=0x000070000b253320 is pointing into the stack for thread: 0x00007fe6f440b800
RBP=0x000070000b253490 is pointing into the stack for thread: 0x00007fe6f440b800
RSI=0x0 is NULL
RDI=0x0000000139d703f0 points into unknown readable memory: 01 00 00 00 00 00 00 00
R8 =0x0000000139d490c0 points into unknown readable memory: 02 00 00 00 00 00 00 00
R9 =0x0 is NULL
R10=0x00007fe6a3feadc8 points into unknown readable memory: 01 58 41 de 5e 5f b6 8f
R11=0x0000000139d20c30 points into unknown readable memory: 00 00 00 00 00 00 00 00
R12=0x0 is NULL
R13=0x00000001398331f0: _PyRuntime+0 in /usr/local/Cellar/python/3.7.7/Frameworks/Python.framework/Versions/3.7/Python at 0x000000013962a000
R14=0x0000000139d73694 points into unknown readable memory: 88 02 8e 01
R15=0x0000000139d70580 points into unknown readable memory: 00 00 00 00 00 00 00 00


Registers:
RAX=0x0000000000000003, RBX=0x0000000139d70458, RCX=0x0000000139d70560, RDX=0xfffffffffffffffe
RSP=0x000070000b253320, RBP=0x000070000b253490, RSI=0x0000000000000000, RDI=0x0000000139d703f0
R8 =0x0000000139d490c0, R9 =0x0000000000000000, R10=0x00007fe6a3feadc8, R11=0x0000000139d20c30
R12=0x0000000000000000, R13=0x00000001398331f0, R14=0x0000000139d73694, R15=0x0000000139d70580
RIP=0x00000001396d55a1, EFLAGS=0x0000000000010206, ERR=0x0000000000000006
  TRAPNO=0x000000000000000e

Top of Stack: (sp=0x000070000b253320)
0x000070000b253320:   00007000386d98e0 000070000b253478
0x000070000b253330:   0000000800309048 00007fe63828b7f0
0x000070000b253340:   0000000800309048 00007fe6f440b800
0x000070000b253350:   0000000000000001 0000000139d186e0
0x000070000b253360:   00007fe6a3feb658 000000003828a768
0x000070000b253370:   000000000000001f 00000001038c17e0
0x000070000b253380:   000070000b253400 e26bb1aebd23208f
0x000070000b253390:   0000000139d333c0 00007fe6a3feadc8
0x000070000b2533a0:   00000000ffffffff 0000000139d70560
0x000070000b2533b0:   0000000000000000 0000000139d490c0
0x000070000b2533c0:   ffffffff397c3680 0000000139d73250
0x000070000b2533d0:   00007fe6a3fec260 0000000000000000
0x000070000b2533e0:   0000000139671c53 0000000000000007
0x000070000b2533f0:   0000000139d73690 0000000139d70458
0x000070000b253400:   0000000000000170 0000000139d703f0
0x000070000b253410:   00000001397c3680 0000000000000003
0x000070000b253420:   000070000b253440 00000001397170d7
0x000070000b253430:   0000000000000000 0000000000000000
0x000070000b253440:   000070000b253490 0000000139654979
0x000070000b253450:   000070000b2534e0 0000000000000000
0x000070000b253460:   63b16b45639200ac 0000000000000013
0x000070000b253470:   0000000139d490c0 0000000139d70558
0x000070000b253480:   0000000139d703f0 0000000000000000
0x000070000b253490:   000070000b253530 00000001396d92cd
0x000070000b2534a0:   0000000000000000 0000000000000002
0x000070000b2534b0:   0000000000000000 0000000102c4d080
0x000070000b2534c0:   0000000000000000 0000000000000001
0x000070000b2534d0:   0000000000000000 0000000000000000
0x000070000b2534e0:   0000000000000000 0000000002c4d080
0x000070000b2534f0:   0000000139d490c0 00007fe6a3fec260
0x000070000b253500:   0000000139d703f0 0000000000000000
0x000070000b253510:   0000000000000000 0000000000000000 

Instructions: (pc=0x00000001396d55a1)
0x00000001396d54a1:   48 8b 49 50 48 89 da 48 2b 51 10 48 8b 74 d0 18
0x00000001396d54b1:   48 8b 47 08 48 3b 05 a4 8b 0d 00 74 28 e8 1b b8
0x00000001396d54c1:   f5 ff 48 85 c0 75 43 48 8d 05 61 88 0e 00 48 8b
0x00000001396d54d1:   38 e8 ea 04 01 00 85 c0 0f 84 de 19 00 00 e8 fc
0x00000001396d54e1:   02 01 00 eb 0a e8 32 d3 f8 ff 48 85 c0 75 18 48
0x00000001396d54f1:   8b 85 18 ff ff ff 48 8b 04 d8 48 8b 40 10 48 85
0x00000001396d5501:   c0 0f 84 15 19 00 00 48 ff 00 49 89 07 49 83 c7
0x00000001396d5511:   08 41 8b 85 c8 02 00 00 85 c0 4c 8b a5 78 ff ff
0x00000001396d5521:   ff 0f 85 4b 13 00 00 41 83 bd c4 02 00 00 00 48
0x00000001396d5531:   8b 9d 68 ff ff ff 0f 85 d9 ac ff ff 33 c0 90 90
0x00000001396d5541:   90 85 c0 0f 85 cc ac ff ff 44 89 f0 2b 85 60 ff
0x00000001396d5551:   ff ff 83 e0 fe 89 03 45 0f b7 26 45 0f b6 ec 44
0x00000001396d5561:   89 e8 48 8d 0d e6 92 0d 00 41 c1 ec 08 4c 89 f3
0x00000001396d5571:   4d 8d 76 02 ff 24 c1 4c 8d 2d 71 dc 15 00 48 8b
0x00000001396d5581:   9d 68 ff ff ff 49 63 c4 48 8b 8d 18 ff ff ff 48
0x00000001396d5591:   8b 04 c1 48 8b 40 10 48 85 c0 0f 84 7c 18 00 00
0x00000001396d55a1:   48 ff 00 49 89 07 49 83 c7 08 41 8b 85 c8 02 00
0x00000001396d55b1:   00 85 c0 0f 85 cf 12 00 00 41 83 bd c4 02 00 00
0x00000001396d55c1:   00 0f 85 1d ac ff ff 33 c0 90 90 90 85 c0 0f 85
0x00000001396d55d1:   10 ac ff ff 44 89 f0 2b 85 60 ff ff ff 83 e0 fe
0x00000001396d55e1:   89 03 45 0f b7 26 45 0f b6 ec 44 89 e8 48 8d 0d
0x00000001396d55f1:   5b 92 0d 00 41 c1 ec 08 4c 89 f3 4d 8d 76 02 ff
0x00000001396d5601:   24 c1 4c 8d 2d e6 db 15 00 48 8b 9d 68 ff ff ff
0x00000001396d5611:   49 8b 47 f8 49 63 cc 48 8b 95 18 ff ff ff 48 8b
0x00000001396d5621:   0c ca 48 8b 79 10 48 89 41 10 48 85 ff 74 0c 48
0x00000001396d5631:   ff 0f 75 07 48 8b 47 08 ff 50 30 49 83 c7 f8 41
0x00000001396d5641:   8b 85 c8 02 00 00 85 c0 0f 85 3a 12 00 00 41 83
0x00000001396d5651:   bd c4 02 00 00 00 4c 8b a5 78 ff ff ff 0f 85 b2
0x00000001396d5661:   ab ff ff 33 c0 90 90 90 85 c0 0f 85 a5 ab ff ff
0x00000001396d5671:   44 89 f0 2b 85 60 ff ff ff 83 e0 fe 89 03 45 0f
0x00000001396d5681:   b7 26 45 0f b6 ec 44 89 e8 48 8d 0d bf 91 0d 00
0x00000001396d5691:   41 c1 ec 08 4c 89 f3 4d 8d 76 02 ff 24 c1 31 ff 


Stack slot to memory mapping:
stack at sp + 0 slots: 0x00007000386d98e0 is an unknown value
stack at sp + 1 slots: 0x000070000b253478 is pointing into the stack for thread: 0x00007fe6f440b800
stack at sp + 2 slots: {method} {0x0000000800309048} 'flush' '()V' in 'java/io/PrintStream'
stack at sp + 3 slots: 0x00007fe63828b7f0 is an unknown value
stack at sp + 4 slots: {method} {0x0000000800309048} 'flush' '()V' in 'java/io/PrintStream'
stack at sp + 5 slots: 0x00007fe6f440b800 is a thread
stack at sp + 6 slots: 0x0000000000000001 is an unknown value
stack at sp + 7 slots: 0x0000000139d186e0 points into unknown readable memory: 01 00 00 00 00 00 00 00


---------------  P R O C E S S  ---------------

Threads class SMR info:
_java_thread_list=0x00007fe6e10c49d0, length=14, elements={
0x00007fe6f4006800, 0x00007fe6f4801800, 0x00007fe6f4802800, 0x00007fe6f4172800,
0x00007fe6f682a800, 0x00007fe6f5009000, 0x00007fe6f5009800, 0x00007fe6f5803800,
0x00007fe6f4815000, 0x00007fe6f6882800, 0x00007fe6f6b41800, 0x00007fe6f493f000,
0x00007fe6c4078800, 0x00007fe6f440b800
}

Java Threads: ( => current thread )
  0x00007fe6f4006800 JavaThread "main" [_thread_blocked, id=6403, stack(0x00007000091f5000,0x00007000092f5000)]
  0x00007fe6f4801800 JavaThread "Reference Handler" daemon [_thread_blocked, id=16899, stack(0x000070000990a000,0x0000700009a0a000)]
  0x00007fe6f4802800 JavaThread "Finalizer" daemon [_thread_blocked, id=16387, stack(0x0000700009a0d000,0x0000700009b0d000)]
  0x00007fe6f4172800 JavaThread "Signal Dispatcher" daemon [_thread_blocked, id=43267, stack(0x0000700009c16000,0x0000700009d16000)]
  0x00007fe6f682a800 JavaThread "Service Thread" daemon [_thread_blocked, id=22531, stack(0x0000700009d19000,0x0000700009e19000)]
  0x00007fe6f5009000 JavaThread "C1 CompilerThread0" daemon [_thread_blocked, id=23043, stack(0x0000700009e1c000,0x0000700009f1c000)]
  0x00007fe6f5009800 JavaThread "Sweeper thread" daemon [_thread_blocked, id=23811, stack(0x0000700009f1f000,0x000070000a01f000)]
  0x00007fe6f5803800 JavaThread "Notification Thread" daemon [_thread_blocked, id=24579, stack(0x000070000a022000,0x000070000a122000)]
  0x00007fe6f4815000 JavaThread "Common-Cleaner" daemon [_thread_blocked, id=41731, stack(0x000070000a228000,0x000070000a328000)]
  0x00007fe6f6882800 JavaThread "process reaper" daemon [_thread_blocked, id=28419, stack(0x0000700009b93000,0x0000700009bb7000)]
  0x00007fe6f6b41800 JavaThread "clojure-agent-send-off-pool-0" [_thread_blocked, id=28931, stack(0x000070000ae4c000,0x000070000af4c000)]
  0x00007fe6f493f000 JavaThread "clojure-agent-send-off-pool-1" [_thread_blocked, id=29187, stack(0x000070000af4f000,0x000070000b04f000)]
  0x00007fe6c4078800 JavaThread "tech.resource.gc ref thread" daemon [_thread_blocked, id=37891, stack(0x000070000b052000,0x000070000b152000)]
=>0x00007fe6f440b800 JavaThread "pool-1-thread-1" [_thread_in_native, id=30211, stack(0x000070000b155000,0x000070000b255000)]

Other Threads:
  0x00007fe6f6828000 VMThread "VM Thread" [stack: 0x0000700009807000,0x0000700009907000] [id=17923]
  0x00007fe6f5804800 WatcherThread [stack: 0x000070000a125000,0x000070000a225000] [id=42499]
  0x00007fe6f4032800 GCTaskThread "GC Thread#0" [stack: 0x00007000092f8000,0x00007000093f8000] [id=19971]
  0x00007fe6f583e800 GCTaskThread "GC Thread#1" [stack: 0x000070000a32b000,0x000070000a42b000] [id=41219]
  0x00007fe6f583f000 GCTaskThread "GC Thread#2" [stack: 0x000070000a42e000,0x000070000a52e000] [id=25347]
  0x00007fe6f416f800 GCTaskThread "GC Thread#3" [stack: 0x000070000a531000,0x000070000a631000] [id=25603]
  0x00007fe6c4000000 GCTaskThread "GC Thread#4" [stack: 0x000070000a634000,0x000070000a734000] [id=26115]
  0x00007fe6c4001000 GCTaskThread "GC Thread#5" [stack: 0x000070000a737000,0x000070000a837000] [id=26371]
  0x00007fe6c4001800 GCTaskThread "GC Thread#6" [stack: 0x000070000a83a000,0x000070000a93a000] [id=26627]
  0x00007fe6c4002800 GCTaskThread "GC Thread#7" [stack: 0x000070000a93d000,0x000070000aa3d000] [id=39939]
  0x00007fe6c4004000 GCTaskThread "GC Thread#8" [stack: 0x000070000aa40000,0x000070000ab40000] [id=39683]
  0x00007fe6c4005000 GCTaskThread "GC Thread#9" [stack: 0x000070000ab43000,0x000070000ac43000] [id=27395]
  0x00007fe6f4043800 ConcurrentGCThread "G1 Main Marker" [stack: 0x00007000093fb000,0x00007000094fb000] [id=19715]
  0x00007fe6f4044800 ConcurrentGCThread "G1 Conc#0" [stack: 0x00007000094fe000,0x00007000095fe000] [id=18947]
  0x00007fe6f520d000 ConcurrentGCThread "G1 Conc#1" [stack: 0x000070000ac46000,0x000070000ad46000] [id=27651]
  0x00007fe6f4363800 ConcurrentGCThread "G1 Conc#2" [stack: 0x000070000ad49000,0x000070000ae49000] [id=39171]
  0x00007fe6f416d000 ConcurrentGCThread "G1 Refine#0" [stack: 0x0000700009601000,0x0000700009701000] [id=13059]
  0x00007fe6f500c000 ConcurrentGCThread "G1 Young RemSet Sampling" [stack: 0x0000700009704000,0x0000700009804000] [id=13315]

Threads with active compile tasks:

VM state:not at safepoint (normal execution)

VM Mutex/Monitor currently owned by a thread: None

Heap address: 0x0000000600000000, size: 8192 MB, Compressed Oops mode: Zero based, Oop shift amount: 3
Narrow klass base: 0x0000000800000000, Narrow klass shift: 3
Compressed class space size: 1073741824 Address: 0x0000000800b19000

Heap:
 garbage-first heap   total 200704K, used 83231K [0x0000000600000000, 0x0000000800000000)
  region size 2048K, 26 young (53248K), 4 survivors (8192K)
 Metaspace       used 87081K, capacity 125390K, committed 125520K, reserved 1140736K
  class space    used 21980K, capacity 33323K, committed 33440K, reserved 1048576K
Heap Regions: E=young(eden), S=young(survivor), O=old, HS=humongous(starts), HC=humongous(continues), CS=collection set, F=free, OA=open archive, CA=closed archive, TAMS=top-at-mark-start (previous, next)
|   0|0x0000000600000000, 0x0000000600200000, 0x0000000600200000|100%|HS|  |TAMS 0x0000000600200000, 0x0000000600000000| Complete 
|   1|0x0000000600200000, 0x0000000600400000, 0x0000000600400000|100%| O|  |TAMS 0x0000000600400000, 0x0000000600200000| Untracked 
|   2|0x0000000600400000, 0x0000000600600000, 0x0000000600600000|100%| O|  |TAMS 0x0000000600600000, 0x0000000600400000| Untracked 
|   3|0x0000000600600000, 0x0000000600800000, 0x0000000600800000|100%| O|  |TAMS 0x0000000600800000, 0x0000000600600000| Untracked 
|   4|0x0000000600800000, 0x0000000600a00000, 0x0000000600a00000|100%| O|  |TAMS 0x0000000600a00000, 0x0000000600800000| Untracked 
|   5|0x0000000600a00000, 0x0000000600a8d200, 0x0000000600c00000| 27%| O|  |TAMS 0x0000000600a8d200, 0x0000000600a00000| Untracked 
|   6|0x0000000600c00000, 0x0000000600e00000, 0x0000000600e00000|100%| O|  |TAMS 0x0000000600e00000, 0x0000000600c00000| Untracked 
|   7|0x0000000600e00000, 0x0000000601000000, 0x0000000601000000|100%| O|  |TAMS 0x0000000601000000, 0x0000000600e00000| Untracked 
|   8|0x0000000601000000, 0x0000000601200000, 0x0000000601200000|100%| O|  |TAMS 0x0000000601000000, 0x0000000601000000| Untracked 
|   9|0x0000000601200000, 0x0000000601400000, 0x0000000601400000|100%| O|  |TAMS 0x0000000601200000, 0x0000000601200000| Untracked 
|  10|0x0000000601400000, 0x00000006015e7a00, 0x0000000601600000| 95%| O|  |TAMS 0x00000006015e7a00, 0x0000000601400000| Untracked 
|  11|0x0000000601600000, 0x0000000601800000, 0x0000000601800000|100%| O|  |TAMS 0x0000000601600000, 0x0000000601600000| Untracked 
|  12|0x0000000601800000, 0x0000000601a00000, 0x0000000601a00000|100%| O|  |TAMS 0x0000000601800000, 0x0000000601800000| Untracked 
|  13|0x0000000601a00000, 0x0000000601c00000, 0x0000000601c00000|100%| O|  |TAMS 0x0000000601a00000, 0x0000000601a00000| Untracked 
|  14|0x0000000601c00000, 0x0000000601e00000, 0x0000000601e00000|100%| O|  |TAMS 0x0000000601c00000, 0x0000000601c00000| Untracked 
|  15|0x0000000601e00000, 0x0000000601fb3e00, 0x0000000602000000| 85%| O|  |TAMS 0x0000000601e00000, 0x0000000601e00000| Untracked 
|  16|0x0000000602000000, 0x0000000602000000, 0x0000000602200000|  0%| F|  |TAMS 0x0000000602000000, 0x0000000602000000| Untracked 
|  17|0x0000000602200000, 0x0000000602200000, 0x0000000602400000|  0%| F|  |TAMS 0x0000000602200000, 0x0000000602200000| Untracked 
|  18|0x0000000602400000, 0x0000000602400000, 0x0000000602600000|  0%| F|  |TAMS 0x0000000602400000, 0x0000000602400000| Untracked 
|  19|0x0000000602600000, 0x0000000602600000, 0x0000000602800000|  0%| F|  |TAMS 0x0000000602600000, 0x0000000602600000| Untracked 
|  20|0x0000000602800000, 0x0000000602800000, 0x0000000602a00000|  0%| F|  |TAMS 0x0000000602800000, 0x0000000602800000| Untracked 
|  21|0x0000000602a00000, 0x0000000602a00000, 0x0000000602c00000|  0%| F|  |TAMS 0x0000000602a00000, 0x0000000602a00000| Untracked 
|  22|0x0000000602c00000, 0x0000000602c00000, 0x0000000602e00000|  0%| F|  |TAMS 0x0000000602c00000, 0x0000000602c00000| Untracked 
|  23|0x0000000602e00000, 0x0000000602e00000, 0x0000000603000000|  0%| F|  |TAMS 0x0000000602e00000, 0x0000000602e00000| Untracked 
|  24|0x0000000603000000, 0x0000000603000000, 0x0000000603200000|  0%| F|  |TAMS 0x0000000603000000, 0x0000000603000000| Untracked 
|  25|0x0000000603200000, 0x0000000603200000, 0x0000000603400000|  0%| F|  |TAMS 0x0000000603200000, 0x0000000603200000| Untracked 
|  26|0x0000000603400000, 0x0000000603400000, 0x0000000603600000|  0%| F|  |TAMS 0x0000000603400000, 0x0000000603400000| Untracked 
|  27|0x0000000603600000, 0x0000000603600000, 0x0000000603800000|  0%| F|  |TAMS 0x0000000603600000, 0x0000000603600000| Untracked 
|  28|0x0000000603800000, 0x0000000603800000, 0x0000000603a00000|  0%| F|  |TAMS 0x0000000603800000, 0x0000000603800000| Untracked 
|  29|0x0000000603a00000, 0x0000000603a00000, 0x0000000603c00000|  0%| F|  |TAMS 0x0000000603a00000, 0x0000000603a00000| Untracked 
|  30|0x0000000603c00000, 0x0000000603c00000, 0x0000000603e00000|  0%| F|  |TAMS 0x0000000603c00000, 0x0000000603c00000| Untracked 
|  31|0x0000000603e00000, 0x0000000603f51458, 0x0000000604000000| 65%| S|CS|TAMS 0x0000000603e00000, 0x0000000603e00000| Complete 
|  32|0x0000000604000000, 0x0000000604200000, 0x0000000604200000|100%| S|CS|TAMS 0x0000000604000000, 0x0000000604000000| Complete 
|  33|0x0000000604200000, 0x0000000604400000, 0x0000000604400000|100%| S|CS|TAMS 0x0000000604200000, 0x0000000604200000| Complete 
|  34|0x0000000604400000, 0x0000000604600000, 0x0000000604600000|100%| S|CS|TAMS 0x0000000604400000, 0x0000000604400000| Complete 
|  35|0x0000000604600000, 0x0000000604600000, 0x0000000604800000|  0%| F|  |TAMS 0x0000000604600000, 0x0000000604600000| Untracked 
|  36|0x0000000604800000, 0x0000000604800000, 0x0000000604a00000|  0%| F|  |TAMS 0x0000000604800000, 0x0000000604800000| Untracked 
|  37|0x0000000604a00000, 0x0000000604a00000, 0x0000000604c00000|  0%| F|  |TAMS 0x0000000604a00000, 0x0000000604a00000| Untracked 
|  38|0x0000000604c00000, 0x0000000604c00000, 0x0000000604e00000|  0%| F|  |TAMS 0x0000000604c00000, 0x0000000604c00000| Untracked 
|  39|0x0000000604e00000, 0x0000000604e00000, 0x0000000605000000|  0%| F|  |TAMS 0x0000000604e00000, 0x0000000604e00000| Untracked 
|  40|0x0000000605000000, 0x0000000605000000, 0x0000000605200000|  0%| F|  |TAMS 0x0000000605000000, 0x0000000605000000| Untracked 
|  41|0x0000000605200000, 0x0000000605200000, 0x0000000605400000|  0%| F|  |TAMS 0x0000000605200000, 0x0000000605200000| Untracked 
|  42|0x0000000605400000, 0x0000000605400000, 0x0000000605600000|  0%| F|  |TAMS 0x0000000605400000, 0x0000000605400000| Untracked 
|  43|0x0000000605600000, 0x0000000605600000, 0x0000000605800000|  0%| F|  |TAMS 0x0000000605600000, 0x0000000605600000| Untracked 
|  44|0x0000000605800000, 0x0000000605800000, 0x0000000605a00000|  0%| F|  |TAMS 0x0000000605800000, 0x0000000605800000| Untracked 
|  45|0x0000000605a00000, 0x0000000605a00000, 0x0000000605c00000|  0%| F|  |TAMS 0x0000000605a00000, 0x0000000605a00000| Untracked 
|  46|0x0000000605c00000, 0x0000000605c00000, 0x0000000605e00000|  0%| F|  |TAMS 0x0000000605c00000, 0x0000000605c00000| Untracked 
|  47|0x0000000605e00000, 0x0000000605e00000, 0x0000000606000000|  0%| F|  |TAMS 0x0000000605e00000, 0x0000000605e00000| Untracked 
|  48|0x0000000606000000, 0x0000000606000000, 0x0000000606200000|  0%| F|  |TAMS 0x0000000606000000, 0x0000000606000000| Untracked 
|  49|0x0000000606200000, 0x0000000606200000, 0x0000000606400000|  0%| F|  |TAMS 0x0000000606200000, 0x0000000606200000| Untracked 
|  50|0x0000000606400000, 0x0000000606400000, 0x0000000606600000|  0%| F|  |TAMS 0x0000000606400000, 0x0000000606400000| Untracked 
|  51|0x0000000606600000, 0x0000000606600000, 0x0000000606800000|  0%| F|  |TAMS 0x0000000606600000, 0x0000000606600000| Untracked 
|  52|0x0000000606800000, 0x0000000606800000, 0x0000000606a00000|  0%| F|  |TAMS 0x0000000606800000, 0x0000000606800000| Untracked 
|  53|0x0000000606a00000, 0x0000000606a00000, 0x0000000606c00000|  0%| F|  |TAMS 0x0000000606a00000, 0x0000000606a00000| Untracked 
|  54|0x0000000606c00000, 0x0000000606c00000, 0x0000000606e00000|  0%| F|  |TAMS 0x0000000606c00000, 0x0000000606c00000| Untracked 
|  55|0x0000000606e00000, 0x0000000606e00000, 0x0000000607000000|  0%| F|  |TAMS 0x0000000606e00000, 0x0000000606e00000| Untracked 
|  56|0x0000000607000000, 0x0000000607000000, 0x0000000607200000|  0%| F|  |TAMS 0x0000000607000000, 0x0000000607000000| Untracked 
|  57|0x0000000607200000, 0x0000000607200000, 0x0000000607400000|  0%| F|  |TAMS 0x0000000607200000, 0x0000000607200000| Untracked 
|  58|0x0000000607400000, 0x0000000607400000, 0x0000000607600000|  0%| F|  |TAMS 0x0000000607400000, 0x0000000607400000| Untracked 
|  59|0x0000000607600000, 0x0000000607600000, 0x0000000607800000|  0%| F|  |TAMS 0x0000000607600000, 0x0000000607600000| Untracked 
|  60|0x0000000607800000, 0x0000000607800000, 0x0000000607a00000|  0%| F|  |TAMS 0x0000000607800000, 0x0000000607800000| Untracked 
|  61|0x0000000607a00000, 0x0000000607a00000, 0x0000000607c00000|  0%| F|  |TAMS 0x0000000607a00000, 0x0000000607a00000| Untracked 
|  62|0x0000000607c00000, 0x0000000607c00000, 0x0000000607e00000|  0%| F|  |TAMS 0x0000000607c00000, 0x0000000607c00000| Untracked 
|  63|0x0000000607e00000, 0x0000000607e00000, 0x0000000608000000|  0%| F|  |TAMS 0x0000000607e00000, 0x0000000607e00000| Untracked 
|  64|0x0000000608000000, 0x0000000608000000, 0x0000000608200000|  0%| F|  |TAMS 0x0000000608000000, 0x0000000608000000| Untracked 
|  65|0x0000000608200000, 0x0000000608200000, 0x0000000608400000|  0%| F|  |TAMS 0x0000000608200000, 0x0000000608200000| Untracked 
|  66|0x0000000608400000, 0x0000000608400000, 0x0000000608600000|  0%| F|  |TAMS 0x0000000608400000, 0x0000000608400000| Untracked 
|  67|0x0000000608600000, 0x0000000608600000, 0x0000000608800000|  0%| F|  |TAMS 0x0000000608600000, 0x0000000608600000| Untracked 
|  68|0x0000000608800000, 0x0000000608800000, 0x0000000608a00000|  0%| F|  |TAMS 0x0000000608800000, 0x0000000608800000| Untracked 
|  69|0x0000000608a00000, 0x0000000608a00000, 0x0000000608c00000|  0%| F|  |TAMS 0x0000000608a00000, 0x0000000608a00000| Untracked 
|  70|0x0000000608c00000, 0x0000000608c00000, 0x0000000608e00000|  0%| F|  |TAMS 0x0000000608c00000, 0x0000000608c00000| Untracked 
|  71|0x0000000608e00000, 0x0000000608e00000, 0x0000000609000000|  0%| F|  |TAMS 0x0000000608e00000, 0x0000000608e00000| Untracked 
|  72|0x0000000609000000, 0x0000000609000000, 0x0000000609200000|  0%| F|  |TAMS 0x0000000609000000, 0x0000000609000000| Untracked 
|  73|0x0000000609200000, 0x0000000609200000, 0x0000000609400000|  0%| F|  |TAMS 0x0000000609200000, 0x0000000609200000| Untracked 
|  74|0x0000000609400000, 0x0000000609400800, 0x0000000609600000|  0%| E|  |TAMS 0x0000000609400000, 0x0000000609400000| Complete 
|  75|0x0000000609600000, 0x0000000609800000, 0x0000000609800000|100%| E|CS|TAMS 0x0000000609600000, 0x0000000609600000| Complete 
|  76|0x0000000609800000, 0x0000000609a00000, 0x0000000609a00000|100%| E|CS|TAMS 0x0000000609800000, 0x0000000609800000| Complete 
|  77|0x0000000609a00000, 0x0000000609c00000, 0x0000000609c00000|100%| E|CS|TAMS 0x0000000609a00000, 0x0000000609a00000| Complete 
|  78|0x0000000609c00000, 0x0000000609e00000, 0x0000000609e00000|100%| E|CS|TAMS 0x0000000609c00000, 0x0000000609c00000| Complete 
|  79|0x0000000609e00000, 0x000000060a000000, 0x000000060a000000|100%| E|CS|TAMS 0x0000000609e00000, 0x0000000609e00000| Complete 
|  80|0x000000060a000000, 0x000000060a200000, 0x000000060a200000|100%| E|CS|TAMS 0x000000060a000000, 0x000000060a000000| Complete 
|  81|0x000000060a200000, 0x000000060a400000, 0x000000060a400000|100%| E|CS|TAMS 0x000000060a200000, 0x000000060a200000| Complete 
|  82|0x000000060a400000, 0x000000060a600000, 0x000000060a600000|100%| E|CS|TAMS 0x000000060a400000, 0x000000060a400000| Complete 
|  83|0x000000060a600000, 0x000000060a800000, 0x000000060a800000|100%| E|CS|TAMS 0x000000060a600000, 0x000000060a600000| Complete 
|  84|0x000000060a800000, 0x000000060aa00000, 0x000000060aa00000|100%| E|CS|TAMS 0x000000060a800000, 0x000000060a800000| Complete 
|  85|0x000000060aa00000, 0x000000060ac00000, 0x000000060ac00000|100%| E|CS|TAMS 0x000000060aa00000, 0x000000060aa00000| Complete 
|  86|0x000000060ac00000, 0x000000060ae00000, 0x000000060ae00000|100%| E|CS|TAMS 0x000000060ac00000, 0x000000060ac00000| Complete 
| 112|0x000000060e000000, 0x000000060e200000, 0x000000060e200000|100%| E|CS|TAMS 0x000000060e000000, 0x000000060e000000| Complete 
| 113|0x000000060e200000, 0x000000060e400000, 0x000000060e400000|100%| E|CS|TAMS 0x000000060e200000, 0x000000060e200000| Complete 
| 114|0x000000060e400000, 0x000000060e600000, 0x000000060e600000|100%| E|CS|TAMS 0x000000060e400000, 0x000000060e400000| Complete 
| 115|0x000000060e600000, 0x000000060e800000, 0x000000060e800000|100%| E|CS|TAMS 0x000000060e600000, 0x000000060e600000| Complete 
| 116|0x000000060e800000, 0x000000060ea00000, 0x000000060ea00000|100%| E|CS|TAMS 0x000000060e800000, 0x000000060e800000| Complete 
| 117|0x000000060ea00000, 0x000000060ec00000, 0x000000060ec00000|100%| E|CS|TAMS 0x000000060ea00000, 0x000000060ea00000| Complete 
| 118|0x000000060ec00000, 0x000000060ee00000, 0x000000060ee00000|100%| E|CS|TAMS 0x000000060ec00000, 0x000000060ec00000| Complete 
| 179|0x0000000616600000, 0x0000000616800000, 0x0000000616800000|100%| E|CS|TAMS 0x0000000616600000, 0x0000000616600000| Complete 
| 255|0x000000061fe00000, 0x0000000620000000, 0x0000000620000000|100%| E|CS|TAMS 0x000000061fe00000, 0x000000061fe00000| Complete 
|3582|0x00000007bfc00000, 0x00000007bfd52000, 0x00000007bfe00000| 66%|OA|  |TAMS 0x00000007bfd52000, 0x00000007bfc00000| Untracked 
|3583|0x00000007bfe00000, 0x00000007bfe7c000, 0x00000007c0000000| 24%|CA|  |TAMS 0x00000007bfe7c000, 0x00000007bfe00000| Untracked 

Card table byte_map: [0x000000011ecfa000,0x000000011fcfa000] _byte_map_base: 0x000000011bcfa000

Marking Bits (Prev, Next): (CMBitMap*) 0x00007fe6f4033018, (CMBitMap*) 0x00007fe6f4033058
 Prev Bits: [0x0000000120cfa000, 0x0000000128cfa000)
 Next Bits: [0x0000000128cfa000, 0x0000000130cfa000)

Polling page: 0x0000000102c90000

Metaspace:

Usage:
  Non-class:     89.91 MB capacity,    63.58 MB ( 71%) used,    25.69 MB ( 29%) free+waste,   655.88 KB ( <1%) overhead. 
      Class:     32.54 MB capacity,    21.47 MB ( 66%) used,    10.51 MB ( 32%) free+waste,   579.25 KB (  2%) overhead. 
       Both:    122.45 MB capacity,    85.04 MB ( 69%) used,    36.20 MB ( 30%) free+waste,     1.21 MB ( <1%) overhead. 

Virtual space:
  Non-class space:       90.00 MB reserved,      89.92 MB (>99%) committed 
      Class space:        1.00 GB reserved,      32.66 MB (  3%) committed 
             Both:        1.09 GB reserved,     122.58 MB ( 11%) committed 

Chunk freelists:
   Non-Class:  1.00 KB
       Class:  1.00 KB
        Both:  2.00 KB

MaxMetaspaceSize: unlimited
CompressedClassSpaceSize: 1.00 GB

CodeHeap 'non-profiled nmethods': size=238384Kb used=7665Kb max_used=7665Kb free=230718Kb
 bounds [0x000000010f42e000, 0x000000010fbae000, 0x000000011dcfa000]
CodeHeap 'non-nmethods': size=7376Kb used=1192Kb max_used=1192Kb free=6183Kb
 bounds [0x000000010ecfa000, 0x000000010ef6a000, 0x000000010f42e000]
 total_blobs=4470 nmethods=3998 adapters=383
 compilation: enabled
              stopped_count=0, restarted_count=0
 full_count=0

Compilation events (20 events):
Event: 10.823 Thread 0x00007fe6f5009000 4001       1       java.nio.charset.CharsetDecoder::replaceWith (68 bytes)
Event: 10.823 Thread 0x00007fe6f5009000 nmethod 4001 0x000000010fba7710 code [0x000000010fba78e0, 0x000000010fba7ca0]
Event: 10.823 Thread 0x00007fe6f5009000 4002       1       java.nio.charset.CharsetDecoder::implReplaceWith (1 bytes)
Event: 10.823 Thread 0x00007fe6f5009000 nmethod 4002 0x000000010fba7e10 code [0x000000010fba7fa0, 0x000000010fba8070]
Event: 10.823 Thread 0x00007fe6f5009000 4003       1       java.lang.invoke.MethodHandle::asType (28 bytes)
Event: 10.823 Thread 0x00007fe6f5009000 nmethod 4003 0x000000010fba8110 code [0x000000010fba82a0, 0x000000010fba8420]
Event: 10.831 Thread 0x00007fe6f5009000 4004       1       java.lang.Exception::<init> (6 bytes)
Event: 10.831 Thread 0x00007fe6f5009000 nmethod 4004 0x000000010fba8510 code [0x000000010fba86c0, 0x000000010fba8be0]
Event: 10.845 Thread 0x00007fe6f5009000 4005       1       java.util.concurrent.atomic.AtomicLong::set (12 bytes)
Event: 10.845 Thread 0x00007fe6f5009000 nmethod 4005 0x000000010fba9110 code [0x000000010fba92a0, 0x000000010fba9390]
Event: 10.846 Thread 0x00007fe6f5009000 4007       1       libpython_clj.python.bridge$generic_python_as_jvm$reify__31259::<init> (26 bytes)
Event: 10.846 Thread 0x00007fe6f5009000 nmethod 4007 0x000000010fba9410 code [0x000000010fba95a0, 0x000000010fba9810]
Event: 10.851 Thread 0x00007fe6f5009000 4008       1       java.util.concurrent.SynchronousQueue$TransferStack::shouldSpin (30 bytes)
Event: 10.852 Thread 0x00007fe6f5009000 nmethod 4008 0x000000010fba9890 code [0x000000010fba9a20, 0x000000010fba9b50]
Event: 10.852 Thread 0x00007fe6f5009000 4009       1       java.lang.Thread::onSpinWait (1 bytes)
Event: 10.852 Thread 0x00007fe6f5009000 nmethod 4009 0x000000010fba9c10 code [0x000000010fba9da0, 0x000000010fba9e30]
Event: 10.852 Thread 0x00007fe6f5009000 4010       1       java.util.ArrayList$ArrayListSpliterator::characteristics (4 bytes)
Event: 10.852 Thread 0x00007fe6f5009000 nmethod 4010 0x000000010fba9f10 code [0x000000010fbaa0a0, 0x000000010fbaa170]
Event: 10.860 Thread 0x00007fe6f5009000 4011       1       java.io.FileInputStream::read (8 bytes)
Event: 10.860 Thread 0x00007fe6f5009000 nmethod 4011 0x000000010fbaa210 code [0x000000010fbaa3a0, 0x000000010fbaa480]

GC Heap History (20 events):
Event: 8.266 GC heap before
{Heap before GC invocations=26 (full 0):
 garbage-first heap   total 137216K, used 100320K [0x0000000600000000, 0x0000000800000000)
  region size 2048K, 40 young (81920K), 7 survivors (14336K)
 Metaspace       used 73430K, capacity 103694K, committed 103760K, reserved 1126400K
  class space    used 18052K, capacity 26778K, committed 26784K, reserved 1048576K
}
Event: 8.275 GC heap after
{Heap after GC invocations=27 (full 0):
 garbage-first heap   total 137216K, used 34278K [0x0000000600000000, 0x0000000800000000)
  region size 2048K, 3 young (6144K), 3 survivors (6144K)
 Metaspace       used 73430K, capacity 103694K, committed 103760K, reserved 1126400K
  class space    used 18052K, capacity 26778K, committed 26784K, reserved 1048576K
}
Event: 8.555 GC heap before
{Heap before GC invocations=27 (full 0):
 garbage-first heap   total 137216K, used 110054K [0x0000000600000000, 0x0000000800000000)
  region size 2048K, 40 young (81920K), 3 survivors (6144K)
 Metaspace       used 75457K, capacity 106740K, committed 106960K, reserved 1128448K
  class space    used 18604K, capacity 27636K, committed 27680K, reserved 1048576K
}
Event: 8.558 GC heap after
{Heap after GC invocations=28 (full 0):
 garbage-first heap   total 137216K, used 34061K [0x0000000600000000, 0x0000000800000000)
  region size 2048K, 3 young (6144K), 3 survivors (6144K)
 Metaspace       used 75457K, capacity 106740K, committed 106960K, reserved 1128448K
  class space    used 18604K, capacity 27636K, committed 27680K, reserved 1048576K
}
Event: 8.808 GC heap before
{Heap before GC invocations=28 (full 0):
 garbage-first heap   total 137216K, used 109837K [0x0000000600000000, 0x0000000800000000)
  region size 2048K, 40 young (81920K), 3 survivors (6144K)
 Metaspace       used 77331K, capacity 109592K, committed 109776K, reserved 1130496K
  class space    used 19011K, capacity 28328K, committed 28448K, reserved 1048576K
}
Event: 8.812 GC heap after
{Heap after GC invocations=29 (full 0):
 garbage-first heap   total 137216K, used 34653K [0x0000000600000000, 0x0000000800000000)
  region size 2048K, 3 young (6144K), 3 survivors (6144K)
 Metaspace       used 77331K, capacity 109592K, committed 109776K, reserved 1130496K
  class space    used 19011K, capacity 28328K, committed 28448K, reserved 1048576K
}
Event: 8.874 GC heap before
{Heap before GC invocations=29 (full 0):
 garbage-first heap   total 137216K, used 108381K [0x0000000600000000, 0x0000000800000000)
  region size 2048K, 40 young (81920K), 3 survivors (6144K)
 Metaspace       used 77739K, capacity 110370K, committed 110544K, reserved 1130496K
  class space    used 19150K, capacity 28610K, committed 28704K, reserved 1048576K
}
Event: 8.879 GC heap after
{Heap after GC invocations=30 (full 0):
 garbage-first heap   total 137216K, used 35290K [0x0000000600000000, 0x0000000800000000)
  region size 2048K, 3 young (6144K), 3 survivors (6144K)
 Metaspace       used 77739K, capacity 110370K, committed 110544K, reserved 1130496K
  class space    used 19150K, capacity 28610K, committed 28704K, reserved 1048576K
}
Event: 8.891 GC heap before
{Heap before GC invocations=30 (full 0):
 garbage-first heap   total 137216K, used 109018K [0x0000000600000000, 0x0000000800000000)
  region size 2048K, 40 young (81920K), 3 survivors (6144K)
 Metaspace       used 77803K, capacity 110434K, committed 110800K, reserved 1132544K
  class space    used 19153K, capacity 28610K, committed 28704K, reserved 1048576K
}
Event: 8.896 GC heap after
{Heap after GC invocations=31 (full 0):
 garbage-first heap   total 165888K, used 35265K [0x0000000600000000, 0x0000000800000000)
  region size 2048K, 2 young (4096K), 2 survivors (4096K)
 Metaspace       used 77803K, capacity 110434K, committed 110800K, reserved 1132544K
  class space    used 19153K, capacity 28610K, committed 28704K, reserved 1048576K
}
Event: 8.943 GC heap before
{Heap before GC invocations=31 (full 0):
 garbage-first heap   total 165888K, used 127425K [0x0000000600000000, 0x0000000800000000)
  region size 2048K, 48 young (98304K), 2 survivors (4096K)
 Metaspace       used 77992K, capacity 110684K, committed 110800K, reserved 1132544K
  class space    used 19200K, capacity 28672K, committed 28704K, reserved 1048576K
}
Event: 8.947 GC heap after
{Heap after GC invocations=32 (full 0):
 garbage-first heap   total 165888K, used 34863K [0x0000000600000000, 0x0000000800000000)
  region size 2048K, 2 young (4096K), 2 survivors (4096K)
 Metaspace       used 77992K, capacity 110684K, committed 110800K, reserved 1132544K
  class space    used 19200K, capacity 28672K, committed 28704K, reserved 1048576K
}
Event: 9.301 GC heap before
{Heap before GC invocations=32 (full 0):
 garbage-first heap   total 165888K, used 129071K [0x0000000600000000, 0x0000000800000000)
  region size 2048K, 48 young (98304K), 2 survivors (4096K)
 Metaspace       used 80066K, capacity 114084K, committed 114384K, reserved 1134592K
  class space    used 19831K, capacity 29688K, committed 29728K, reserved 1048576K
}
Event: 9.304 GC heap after
{Heap after GC invocations=33 (full 0):
 garbage-first heap   total 165888K, used 36372K [0x0000000600000000, 0x0000000800000000)
  region size 2048K, 3 young (6144K), 3 survivors (6144K)
 Metaspace       used 80066K, capacity 114084K, committed 114384K, reserved 1134592K
  class space    used 19831K, capacity 29688K, committed 29728K, reserved 1048576K
}
Event: 9.793 GC heap before
{Heap before GC invocations=33 (full 0):
 garbage-first heap   total 165888K, used 128532K [0x0000000600000000, 0x0000000800000000)
  region size 2048K, 48 young (98304K), 3 survivors (6144K)
 Metaspace       used 82526K, capacity 117669K, committed 117840K, reserved 1136640K
  class space    used 20543K, capacity 30816K, committed 30880K, reserved 1048576K
}
Event: 9.796 GC heap after
{Heap after GC invocations=34 (full 0):
 garbage-first heap   total 165888K, used 37754K [0x0000000600000000, 0x0000000800000000)
  region size 2048K, 3 young (6144K), 3 survivors (6144K)
 Metaspace       used 82526K, capacity 117669K, committed 117840K, reserved 1136640K
  class space    used 20543K, capacity 30816K, committed 30880K, reserved 1048576K
}
Event: 10.153 GC heap before
{Heap before GC invocations=34 (full 0):
 garbage-first heap   total 165888K, used 129914K [0x0000000600000000, 0x0000000800000000)
  region size 2048K, 48 young (98304K), 3 survivors (6144K)
 Metaspace       used 84793K, capacity 121455K, committed 121680K, reserved 1138688K
  class space    used 21260K, capacity 32034K, committed 32160K, reserved 1048576K
}
Event: 10.157 GC heap after
{Heap after GC invocations=35 (full 0):
 garbage-first heap   total 165888K, used 38686K [0x0000000600000000, 0x0000000800000000)
  region size 2048K, 4 young (8192K), 4 survivors (8192K)
 Metaspace       used 84793K, capacity 121455K, committed 121680K, reserved 1138688K
  class space    used 21260K, capacity 32034K, committed 32160K, reserved 1048576K
}
Event: 10.490 GC heap before
{Heap before GC invocations=35 (full 0):
 garbage-first heap   total 165888K, used 128798K [0x0000000600000000, 0x0000000800000000)
  region size 2048K, 48 young (98304K), 4 survivors (8192K)
 Metaspace       used 86663K, capacity 124655K, committed 124752K, reserved 1140736K
  class space    used 21881K, capacity 33122K, committed 33184K, reserved 1048576K
}
Event: 10.495 GC heap after
{Heap after GC invocations=36 (full 0):
 garbage-first heap   total 200704K, used 40223K [0x0000000600000000, 0x0000000800000000)
  region size 2048K, 4 young (8192K), 4 survivors (8192K)
 Metaspace       used 86663K, capacity 124655K, committed 124752K, reserved 1140736K
  class space    used 21881K, capacity 33122K, committed 33184K, reserved 1048576K
}

Deoptimization events (0 events):
No events

Classes unloaded (0 events):
No events

Classes redefined (0 events):
No events

Internal exceptions (20 events):
Event: 9.517 Thread 0x00007fe6f4006800 Exception <a 'java/lang/NoSuchMethodError'{0x00000006064161c8}: 'java.lang.Object java.lang.invoke.DirectMethodHandle$Holder.invokeStatic(java.lang.Object, java.lang.Object, java.lang.Object, int)'> (0x00000006064161c8) 
thrown [../../src/hotspot/share/interpreter/linkResolver.cpp, line 766]
Event: 9.517 Thread 0x00007fe6f4006800 Exception <a 'java/lang/NoSuchMethodError'{0x0000000606419f70}: 'java.lang.Object java.lang.invoke.DirectMethodHandle$Holder.invokeSpecial(java.lang.Object, java.lang.Object, java.lang.Object, java.lang.Object, int)'> (0x0000000606419f70) 
thrown [../../src/hotspot/share/interpreter/linkResolver.cpp, line 766]
Event: 9.517 Thread 0x00007fe6f4006800 Exception <a 'java/lang/NoSuchMethodError'{0x000000060641d3f8}: 'java.lang.Object java.lang.invoke.Invokers$Holder.linkToTargetMethod(java.lang.Object, java.lang.Object, int, java.lang.Object)'> (0x000000060641d3f8) 
thrown [../../src/hotspot/share/interpreter/linkResolver.cpp, line 766]
Event: 9.548 Thread 0x00007fe6f4006800 Exception <a 'java/io/IOException'{0x000000060644d440}> (0x000000060644d440) 
thrown [../../src/hotspot/share/prims/jni.cpp, line 599]
Event: 9.587 Thread 0x00007fe6f4006800 Exception <a 'java/io/IOException'{0x0000000606458730}> (0x0000000606458730) 
thrown [../../src/hotspot/share/prims/jni.cpp, line 599]
Event: 9.589 Thread 0x00007fe6f4006800 Exception <a 'java/io/IOException'{0x000000060645ac18}> (0x000000060645ac18) 
thrown [../../src/hotspot/share/prims/jni.cpp, line 599]
Event: 9.621 Thread 0x00007fe6f4006800 Exception <a 'java/lang/UnsatisfiedLinkError'{0x000000060646aff8}: dlopen(libpython3.7m.dylib, 9): image not found> (0x000000060646aff8) 
thrown [../../src/hotspot/share/prims/jni.cpp, line 620]
Event: 9.621 Thread 0x00007fe6f4006800 Exception <a 'java/lang/UnsatisfiedLinkError'{0x000000060646ca28}: dlopen(libpython3.7m.dylib, 9): image not found> (0x000000060646ca28) 
thrown [../../src/hotspot/share/prims/jni.cpp, line 620]
Event: 9.622 Thread 0x00007fe6f4006800 Exception <a 'java/lang/UnsatisfiedLinkError'{0x0000000606486dc8}: dlopen(/Users/piotr-yuxuan/Library/Java/Extensions/libpython3.7m.dylib, 9): image not found> (0x0000000606486dc8)
thrown [../../src/hotspot/share/prims/jni.cpp, line 620]
Event: 9.622 Thread 0x00007fe6f4006800 Exception <a 'java/lang/UnsatisfiedLinkError'{0x00000006064881a0}: dlopen(/Users/piotr-yuxuan/Library/Java/Extensions/libpython3.7m.dylib, 9): image not found> (0x00000006064881a0)
thrown [../../src/hotspot/share/prims/jni.cpp, line 620]
Event: 9.623 Thread 0x00007fe6f4006800 Exception <a 'java/lang/UnsatisfiedLinkError'{0x000000060649a3e8}: dlopen(/Library/Java/Extensions/libpython3.7m.dylib, 9): image not found> (0x000000060649a3e8) 
thrown [../../src/hotspot/share/prims/jni.cpp, line 620]
Event: 9.623 Thread 0x00007fe6f4006800 Exception <a 'java/lang/UnsatisfiedLinkError'{0x000000060649b788}: dlopen(/Library/Java/Extensions/libpython3.7m.dylib, 9): image not found> (0x000000060649b788) 
thrown [../../src/hotspot/share/prims/jni.cpp, line 620]
Event: 9.623 Thread 0x00007fe6f4006800 Exception <a 'java/lang/UnsatisfiedLinkError'{0x00000006064adaa0}: dlopen(/Network/Library/Java/Extensions/libpython3.7m.dylib, 9): image not found> (0x00000006064adaa0) 
thrown [../../src/hotspot/share/prims/jni.cpp, line 620]
Event: 9.623 Thread 0x00007fe6f4006800 Exception <a 'java/lang/UnsatisfiedLinkError'{0x00000006064aee70}: dlopen(/Network/Library/Java/Extensions/libpython3.7m.dylib, 9): image not found> (0x00000006064aee70) 
thrown [../../src/hotspot/share/prims/jni.cpp, line 620]
Event: 9.624 Thread 0x00007fe6f4006800 Exception <a 'java/lang/UnsatisfiedLinkError'{0x00000006064c0bb0}: dlopen(/System/Library/Java/Extensions/libpython3.7m.dylib, 9): image not found> (0x00000006064c0bb0) 
thrown [../../src/hotspot/share/prims/jni.cpp, line 620]
Event: 9.624 Thread 0x00007fe6f4006800 Exception <a 'java/lang/UnsatisfiedLinkError'{0x00000006064c1f80}: dlopen(/System/Library/Java/Extensions/libpython3.7m.dylib, 9): image not found> (0x00000006064c1f80) 
thrown [../../src/hotspot/share/prims/jni.cpp, line 620]
Event: 9.624 Thread 0x00007fe6f4006800 Exception <a 'java/lang/UnsatisfiedLinkError'{0x00000006064d3ff8}: dlopen(/usr/lib/java/libpython3.7m.dylib, 9): image not found> (0x00000006064d3ff8) 
thrown [../../src/hotspot/share/prims/jni.cpp, line 620]
Event: 9.624 Thread 0x00007fe6f4006800 Exception <a 'java/lang/UnsatisfiedLinkError'{0x00000006064d5358}: dlopen(/usr/lib/java/libpython3.7m.dylib, 9): image not found> (0x00000006064d5358) 
thrown [../../src/hotspot/share/prims/jni.cpp, line 620]
Event: 9.625 Thread 0x00007fe6f4006800 Exception <a 'java/lang/UnsatisfiedLinkError'{0x00000006064e9158}: dlopen(lib./libpython3.7m.dylib.dylib, 9): image not found> (0x00000006064e9158) 
thrown [../../src/hotspot/share/prims/jni.cpp, line 620]
Event: 9.625 Thread 0x00007fe6f4006800 Exception <a 'java/lang/UnsatisfiedLinkError'{0x00000006064eab98}: dlopen(lib./libpython3.7m.dylib.dylib, 9): image not found> (0x00000006064eab98) 
thrown [../../src/hotspot/share/prims/jni.cpp, line 620]

Events (20 events):
Event: 10.635 Executing VM operation: HandshakeAllThreads done
Event: 10.635 loading class sun/nio/cs/UTF_16$Decoder done
Event: 10.635 loading class sun/nio/cs/ArrayEncoder
Event: 10.635 loading class sun/nio/cs/ArrayEncoder done
Event: 10.851 Executing VM operation: HandshakeOneThread
Event: 10.851 Executing VM operation: HandshakeOneThread done
Event: 10.851 Executing VM operation: HandshakeOneThread
Event: 10.851 Executing VM operation: HandshakeOneThread done
Event: 10.851 Executing VM operation: HandshakeOneThread
Event: 10.851 Executing VM operation: HandshakeOneThread done
Event: 10.851 Executing VM operation: HandshakeOneThread
Event: 10.852 Executing VM operation: HandshakeOneThread done
Event: 10.852 Executing VM operation: HandshakeOneThread
Event: 10.852 Executing VM operation: HandshakeOneThread done
Event: 10.855 loading class java/util/concurrent/Executors$DefaultThreadFactory
Event: 10.855 loading class java/util/concurrent/Executors$DefaultThreadFactory done
Event: 10.863 Thread 0x00007fe6f440b800 Thread added: 0x00007fe6f440b800
Event: 10.863 Protecting memory [0x000070000b155000,0x000070000b159000] with protection modes 0
Event: 10.863 Executing VM operation: HandshakeOneThread
Event: 10.863 Executing VM operation: HandshakeOneThread done


Dynamic libraries:
0x00007fff70edd000 	/usr/lib/libz.1.dylib
0x0000000102c4e000 	/Library/Java/JavaVirtualMachines/adoptopenjdk-14.jdk/Contents/Home/lib/libjli.dylib
0x00007fff3967b000 	/System/Library/Frameworks/Cocoa.framework/Versions/A/Cocoa
0x00007fff46c49000 	/System/Library/Frameworks/Security.framework/Versions/A/Security
0x00007fff38605000 	/System/Library/Frameworks/ApplicationServices.framework/Versions/A/ApplicationServices
0x00007fff6e9ac000 	/usr/lib/libSystem.B.dylib
0x00007fff71953000 	/usr/lib/system/libcache.dylib
0x00007fff71959000 	/usr/lib/system/libcommonCrypto.dylib
0x00007fff71965000 	/usr/lib/system/libcompiler_rt.dylib
0x00007fff7196d000 	/usr/lib/system/libcopyfile.dylib
0x00007fff71977000 	/usr/lib/system/libcorecrypto.dylib
0x00007fff71b25000 	/usr/lib/system/libdispatch.dylib
0x00007fff71b67000 	/usr/lib/system/libdyld.dylib
0x00007fff71b9d000 	/usr/lib/system/libkeymgr.dylib
0x00007fff71bab000 	/usr/lib/system/liblaunch.dylib
0x00007fff71bac000 	/usr/lib/system/libmacho.dylib
0x00007fff71bb2000 	/usr/lib/system/libquarantine.dylib
0x00007fff71bb5000 	/usr/lib/system/libremovefile.dylib
0x00007fff71bb7000 	/usr/lib/system/libsystem_asl.dylib
0x00007fff71bcf000 	/usr/lib/system/libsystem_blocks.dylib
0x00007fff71bd0000 	/usr/lib/system/libsystem_c.dylib
0x00007fff71c58000 	/usr/lib/system/libsystem_configuration.dylib
0x00007fff71c5c000 	/usr/lib/system/libsystem_coreservices.dylib
0x00007fff71c60000 	/usr/lib/system/libsystem_darwin.dylib
0x00007fff71c69000 	/usr/lib/system/libsystem_dnssd.dylib
0x00007fff71c71000 	/usr/lib/system/libsystem_featureflags.dylib
0x00007fff71c73000 	/usr/lib/system/libsystem_info.dylib
0x00007fff71cee000 	/usr/lib/system/libsystem_m.dylib
0x00007fff71d36000 	/usr/lib/system/libsystem_malloc.dylib
0x00007fff71d5e000 	/usr/lib/system/libsystem_networkextension.dylib
0x00007fff71d6c000 	/usr/lib/system/libsystem_notify.dylib
0x00007fff71d8b000 	/usr/lib/system/libsystem_sandbox.dylib
0x00007fff71d90000 	/usr/lib/system/libsystem_secinit.dylib
0x00007fff71cc1000 	/usr/lib/system/libsystem_kernel.dylib
0x00007fff71d76000 	/usr/lib/system/libsystem_platform.dylib
0x00007fff71d80000 	/usr/lib/system/libsystem_pthread.dylib
0x00007fff71d93000 	/usr/lib/system/libsystem_symptoms.dylib
0x00007fff71d9b000 	/usr/lib/system/libsystem_trace.dylib
0x00007fff71db3000 	/usr/lib/system/libunwind.dylib
0x00007fff71db9000 	/usr/lib/system/libxpc.dylib
0x00007fff70801000 	/usr/lib/libobjc.A.dylib
0x00007fff6ece6000 	/usr/lib/libc++abi.dylib
0x00007fff6ec92000 	/usr/lib/libc++.1.dylib
0x00007fff3a5f2000 	/System/Library/Frameworks/CoreFoundation.framework/Versions/A/CoreFoundation
0x00007fff3ccb7000 	/System/Library/Frameworks/Foundation.framework/Versions/C/Foundation
0x00007fff377fa000 	/System/Library/Frameworks/AppKit.framework/Versions/C/AppKit
0x00007fff3a0fe000 	/System/Library/Frameworks/CoreData.framework/Versions/A/CoreData
0x00007fff6b254000 	/System/Library/PrivateFrameworks/UIFoundation.framework/Versions/A/UIFoundation
0x00007fff65a30000 	/System/Library/PrivateFrameworks/RemoteViewServices.framework/Versions/A/RemoteViewServices
0x00007fff6dce7000 	/System/Library/PrivateFrameworks/XCTTargetBootstrap.framework/Versions/A/XCTTargetBootstrap
0x00007fff3a4e1000 	/System/Library/Frameworks/CoreDisplay.framework/Versions/A/CoreDisplay
0x00007fff3fa2f000 	/System/Library/Frameworks/Metal.framework/Versions/A/Metal
0x00007fff53e4c000 	/System/Library/PrivateFrameworks/DesktopServicesPriv.framework/Versions/A/DesktopServicesPriv
0x00007fff6fae2000 	/usr/lib/liblangid.dylib
0x00007fff52f98000 	/System/Library/PrivateFrameworks/CoreSVG.framework/Versions/A/CoreSVG
0x00007fff687f7000 	/System/Library/PrivateFrameworks/SkyLight.framework/Versions/A/SkyLight
0x00007fff3aa74000 	/System/Library/Frameworks/CoreGraphics.framework/Versions/A/CoreGraphics
0x00007fff36399000 	/System/Library/Frameworks/Accelerate.framework/Versions/A/Accelerate
0x00007fff70dce000 	/usr/lib/libxml2.2.dylib
0x00007fff5eb5a000 	/System/Library/PrivateFrameworks/IconServices.framework/Versions/A/IconServices
0x00007fff3d49c000 	/System/Library/Frameworks/IOSurface.framework/Versions/A/IOSurface
0x00007fff6e4e4000 	/usr/lib/libDiagnosticMessagesClient.dylib
0x00007fff53cc5000 	/System/Library/PrivateFrameworks/DFRFoundation.framework/Versions/A/DFRFoundation
0x00007fff6f870000 	/usr/lib/libicucore.A.dylib
0x00007fff38937000 	/System/Library/Frameworks/AudioToolbox.framework/Versions/A/AudioToolbox
0x00007fff38a19000 	/System/Library/Frameworks/AudioUnit.framework/Versions/A/AudioUnit
0x00007fff6ebad000 	/usr/lib/libauto.dylib
0x00007fff53d46000 	/System/Library/PrivateFrameworks/DataDetectorsCore.framework/Versions/A/DataDetectorsCore
0x00007fff3919b000 	/System/Library/Frameworks/Carbon.framework/Versions/A/Frameworks/HIToolbox.framework/Versions/A/HIToolbox
0x00007fff45e7a000 	/System/Library/Frameworks/QuartzCore.framework/Versions/A/QuartzCore
0x00007fff394da000 	/System/Library/Frameworks/Carbon.framework/Versions/A/Frameworks/SpeechRecognition.framework/Versions/A/SpeechRecognition
0x00007fff5364b000 	/System/Library/PrivateFrameworks/CoreUI.framework/Versions/A/CoreUI
0x00007fff39b64000 	/System/Library/Frameworks/CoreAudio.framework/Versions/A/CoreAudio
0x00007fff3c97f000 	/System/Library/Frameworks/DiskArbitration.framework/Versions/A/DiskArbitration
0x00007fff60b6f000 	/System/Library/PrivateFrameworks/MultitouchSupport.framework/Versions/A/MultitouchSupport
0x00007fff6f736000 	/usr/lib/libenergytrace.dylib
0x00007fff3d3f7000 	/System/Library/Frameworks/IOKit.framework/Versions/A/IOKit
0x00007fff3b9e2000 	/System/Library/Frameworks/CoreServices.framework/Versions/A/CoreServices
0x00007fff62c7c000 	/System/Library/PrivateFrameworks/PerformanceAnalysis.framework/Versions/A/PerformanceAnalysis
0x00007fff44eb0000 	/System/Library/Frameworks/OpenGL.framework/Versions/A/OpenGL
0x00007fff39689000 	/System/Library/Frameworks/ColorSync.framework/Versions/A/ColorSync
0x00007fff3b0fb000 	/System/Library/Frameworks/CoreImage.framework/Versions/A/CoreImage
0x00007fff3c458000 	/System/Library/Frameworks/CoreText.framework/Versions/A/CoreText
0x00007fff3d522000 	/System/Library/Frameworks/ImageIO.framework/Versions/A/ImageIO
0x00007fff6ed0e000 	/usr/lib/libcompression.dylib
0x00007fff6e826000 	/usr/lib/libMobileGestalt.dylib
0x00007fff6a336000 	/System/Library/PrivateFrameworks/TextureIO.framework/Versions/A/TextureIO
0x00007fff6eb13000 	/usr/lib/libate.dylib
0x00007fff5ed63000 	/System/Library/PrivateFrameworks/InternationalSupport.framework/Versions/A/InternationalSupport
0x00007fff6fae4000 	/usr/lib/liblzma.5.dylib
0x00007fff6f75e000 	/usr/lib/libfakelink.dylib
0x00007fff6eaa0000 	/usr/lib/libarchive.2.dylib
0x00007fff47deb000 	/System/Library/Frameworks/SystemConfiguration.framework/Versions/A/SystemConfiguration
0x00007fff6e415000 	/usr/lib/libCRFSuite.dylib
0x00007fff38d8f000 	/System/Library/Frameworks/CFNetwork.framework/Versions/A/CFNetwork
0x00007fff6ec74000 	/usr/lib/libbsm.0.dylib
0x00007fff71b9e000 	/usr/lib/system/libkxld.dylib
0x00007fff4d77c000 	/System/Library/PrivateFrameworks/AppleFSCompression.framework/Versions/A/AppleFSCompression
0x00007fff6eff5000 	/usr/lib/libcoretls.dylib
0x00007fff6f00c000 	/usr/lib/libcoretls_cfhelpers.dylib
0x00007fff70845000 	/usr/lib/libpam.2.dylib
0x00007fff70978000 	/usr/lib/libsqlite3.dylib
0x00007fff70dbb000 	/usr/lib/libxar.1.dylib
0x00007fff6ec85000 	/usr/lib/libbz2.1.0.dylib
0x00007fff6f77f000 	/usr/lib/libiconv.2.dylib
0x00007fff6ecfb000 	/usr/lib/libcharset.1.dylib
0x00007fff702ec000 	/usr/lib/libnetwork.dylib
0x00007fff7084c000 	/usr/lib/libpcap.A.dylib
0x00007fff6ea55000 	/usr/lib/libapple_nghttp2.dylib
0x00007fff3bd99000 	/System/Library/Frameworks/CoreServices.framework/Versions/A/Frameworks/FSEvents.framework/Versions/A/FSEvents
0x00007fff3ba69000 	/System/Library/Frameworks/CoreServices.framework/Versions/A/Frameworks/CarbonCore.framework/Versions/A/CarbonCore
0x00007fff3bfdc000 	/System/Library/Frameworks/CoreServices.framework/Versions/A/Frameworks/Metadata.framework/Versions/A/Metadata
0x00007fff3c075000 	/System/Library/Frameworks/CoreServices.framework/Versions/A/Frameworks/OSServices.framework/Versions/A/OSServices
0x00007fff3c0a3000 	/System/Library/Frameworks/CoreServices.framework/Versions/A/Frameworks/SearchKit.framework/Versions/A/SearchKit
0x00007fff3b9e3000 	/System/Library/Frameworks/CoreServices.framework/Versions/A/Frameworks/AE.framework/Versions/A/AE
0x00007fff3bda2000 	/System/Library/Frameworks/CoreServices.framework/Versions/A/Frameworks/LaunchServices.framework/Versions/A/LaunchServices
0x00007fff3bd4b000 	/System/Library/Frameworks/CoreServices.framework/Versions/A/Frameworks/DictionaryServices.framework/Versions/A/DictionaryServices
0x00007fff3c10b000 	/System/Library/Frameworks/CoreServices.framework/Versions/A/Frameworks/SharedFileList.framework/Versions/A/SharedFileList
0x00007fff40d04000 	/System/Library/Frameworks/NetFS.framework/Versions/A/NetFS
0x00007fff6109f000 	/System/Library/PrivateFrameworks/NetAuth.framework/Versions/A/NetAuth
0x00007fff6e0b2000 	/System/Library/PrivateFrameworks/login.framework/Versions/A/Frameworks/loginsupport.framework/Versions/A/loginsupport
0x00007fff69e31000 	/System/Library/PrivateFrameworks/TCC.framework/Versions/A/TCC
0x00007fff52367000 	/System/Library/PrivateFrameworks/CoreNLP.framework/Versions/A/CoreNLP
0x00007fff6059f000 	/System/Library/PrivateFrameworks/MetadataUtilities.framework/Versions/A/MetadataUtilities
0x00007fff6fbbc000 	/usr/lib/libmecabra.dylib
0x00007fff6fb14000 	/usr/lib/libmecab.dylib
0x00007fff6f76f000 	/usr/lib/libgermantok.dylib
0x00007fff6ea3c000 	/usr/lib/libThaiTokenizer.dylib
0x00007fff6e44d000 	/usr/lib/libChineseTokenizer.dylib
0x00007fff363b1000 	/System/Library/Frameworks/Accelerate.framework/Versions/A/Frameworks/vImage.framework/Versions/A/vImage
0x00007fff37654000 	/System/Library/Frameworks/Accelerate.framework/Versions/A/Frameworks/vecLib.framework/Versions/A/vecLib
0x00007fff37598000 	/System/Library/Frameworks/Accelerate.framework/Versions/A/Frameworks/vecLib.framework/Versions/A/libvMisc.dylib
0x00007fff373be000 	/System/Library/Frameworks/Accelerate.framework/Versions/A/Frameworks/vecLib.framework/Versions/A/libvDSP.dylib
0x00007fff36a1d000 	/System/Library/Frameworks/Accelerate.framework/Versions/A/Frameworks/vecLib.framework/Versions/A/libBLAS.dylib
0x00007fff36f78000 	/System/Library/Frameworks/Accelerate.framework/Versions/A/Frameworks/vecLib.framework/Versions/A/libLAPACK.dylib
0x00007fff3731e000 	/System/Library/Frameworks/Accelerate.framework/Versions/A/Frameworks/vecLib.framework/Versions/A/libLinearAlgebra.dylib
0x00007fff373ab000 	/System/Library/Frameworks/Accelerate.framework/Versions/A/Frameworks/vecLib.framework/Versions/A/libSparseBLAS.dylib
0x00007fff37334000 	/System/Library/Frameworks/Accelerate.framework/Versions/A/Frameworks/vecLib.framework/Versions/A/libQuadrature.dylib
0x00007fff36c87000 	/System/Library/Frameworks/Accelerate.framework/Versions/A/Frameworks/vecLib.framework/Versions/A/libBNNS.dylib
0x00007fff3733a000 	/System/Library/Frameworks/Accelerate.framework/Versions/A/Frameworks/vecLib.framework/Versions/A/libSparse.dylib
0x00007fff5f122000 	/System/Library/PrivateFrameworks/LanguageModeling.framework/Versions/A/LanguageModeling
0x00007fff51d03000 	/System/Library/PrivateFrameworks/CoreEmoji.framework/Versions/A/CoreEmoji
0x00007fff5f240000 	/System/Library/PrivateFrameworks/LinguisticData.framework/Versions/A/LinguisticData
0x00007fff5f1f1000 	/System/Library/PrivateFrameworks/Lexicon.framework/Versions/A/Lexicon
0x00007fff6ecfc000 	/usr/lib/libcmph.dylib
0x00007fff438d6000 	/System/Library/Frameworks/OpenDirectory.framework/Versions/A/Frameworks/CFOpenDirectory.framework/Versions/A/CFOpenDirectory
0x00007fff438f3000 	/System/Library/Frameworks/OpenDirectory.framework/Versions/A/OpenDirectory
0x00007fff4bbc0000 	/System/Library/PrivateFrameworks/APFS.framework/Versions/A/APFS
0x00007fff46f9c000 	/System/Library/Frameworks/SecurityFoundation.framework/Versions/A/SecurityFoundation
0x00007fff70db7000 	/usr/lib/libutil.dylib
0x00007fff52ff0000 	/System/Library/PrivateFrameworks/CoreServicesStore.framework/Versions/A/CoreServicesStore
0x00007fff47054000 	/System/Library/Frameworks/ServiceManagement.framework/Versions/A/ServiceManagement
0x00007fff4ef33000 	/System/Library/PrivateFrameworks/BackgroundTaskManagement.framework/Versions/A/BackgroundTaskManagement
0x00007fff70eb4000 	/usr/lib/libxslt.1.dylib
0x00007fff4dde1000 	/System/Library/PrivateFrameworks/AppleSystemInfo.framework/Versions/A/AppleSystemInfo
0x00007fff3d73f000 	/System/Library/Frameworks/ImageIO.framework/Versions/A/Resources/libJPEG.dylib
0x00007fff3d9fe000 	/System/Library/Frameworks/ImageIO.framework/Versions/A/Resources/libTIFF.dylib
0x00007fff3d9e1000 	/System/Library/Frameworks/ImageIO.framework/Versions/A/Resources/libPng.dylib
0x00007fff3d680000 	/System/Library/Frameworks/ImageIO.framework/Versions/A/Resources/libGIF.dylib
0x00007fff3d684000 	/System/Library/Frameworks/ImageIO.framework/Versions/A/Resources/libJP2.dylib
0x00007fff3d9fc000 	/System/Library/Frameworks/ImageIO.framework/Versions/A/Resources/libRadiance.dylib
0x00007fff6f737000 	/usr/lib/libexpat.1.dylib
0x00007fff4d8d7000 	/System/Library/PrivateFrameworks/AppleJPEG.framework/Versions/A/AppleJPEG
0x00007fff56254000 	/System/Library/PrivateFrameworks/FontServices.framework/libFontParser.dylib
0x00007fff6d109000 	/System/Library/PrivateFrameworks/WatchdogClient.framework/Versions/A/WatchdogClient
0x00007fff5e7af000 	/System/Library/PrivateFrameworks/IOAccelerator.framework/Versions/A/IOAccelerator
0x00007fff3fdbd000 	/System/Library/Frameworks/MetalPerformanceShaders.framework/Versions/A/MetalPerformanceShaders
0x00007fff5afa2000 	/System/Library/PrivateFrameworks/GPUWrangler.framework/Versions/A/GPUWrangler
0x00007fff5e7ba000 	/System/Library/PrivateFrameworks/IOPresentment.framework/Versions/A/IOPresentment
0x00007fff53cd8000 	/System/Library/PrivateFrameworks/DSExternalDisplay.framework/Versions/A/DSExternalDisplay
0x00007fff4425c000 	/System/Library/Frameworks/OpenGL.framework/Versions/A/Libraries/libCoreFSCache.dylib
0x00007fff3fb0f000 	/System/Library/Frameworks/MetalPerformanceShaders.framework/Frameworks/MPSCore.framework/Versions/A/MPSCore
0x00007fff3fb4c000 	/System/Library/Frameworks/MetalPerformanceShaders.framework/Frameworks/MPSImage.framework/Versions/A/MPSImage
0x00007fff3fc0e000 	/System/Library/Frameworks/MetalPerformanceShaders.framework/Frameworks/MPSNeuralNetwork.framework/Versions/A/MPSNeuralNetwork
0x00007fff3fbd3000 	/System/Library/Frameworks/MetalPerformanceShaders.framework/Frameworks/MPSMatrix.framework/Versions/A/MPSMatrix
0x00007fff3fd6e000 	/System/Library/Frameworks/MetalPerformanceShaders.framework/Frameworks/MPSRayIntersector.framework/Versions/A/MPSRayIntersector
0x00007fff3fbf8000 	/System/Library/Frameworks/MetalPerformanceShaders.framework/Frameworks/MPSNDArray.framework/Versions/A/MPSNDArray
0x00007fff605ec000 	/System/Library/PrivateFrameworks/MetalTools.framework/Versions/A/MetalTools
0x00007fff4cd85000 	/System/Library/PrivateFrameworks/AggregateDictionary.framework/Versions/A/AggregateDictionary
0x00007fff5178d000 	/System/Library/PrivateFrameworks/CoreAnalytics.framework/Versions/A/CoreAnalytics
0x00007fff4dcff000 	/System/Library/PrivateFrameworks/AppleSauce.framework/Versions/A/AppleSauce
0x00007fff6e709000 	/usr/lib/libIOReport.dylib
0x00007fff3c60d000 	/System/Library/Frameworks/CoreVideo.framework/Versions/A/CoreVideo
0x00007fff5c410000 	/System/Library/PrivateFrameworks/GraphVisualizer.framework/Versions/A/GraphVisualizer
0x00007fff557d5000 	/System/Library/PrivateFrameworks/FaceCore.framework/Versions/A/FaceCore
0x00007fff4387d000 	/System/Library/Frameworks/OpenCL.framework/Versions/A/OpenCL
0x00007fff6e52b000 	/usr/lib/libFosl_dynamic.dylib
0x00007fff61a9a000 	/System/Library/PrivateFrameworks/OTSVG.framework/Versions/A/OTSVG
0x00007fff3870a000 	/System/Library/Frameworks/ApplicationServices.framework/Versions/A/Frameworks/ATS.framework/Versions/A/Resources/libFontRegistry.dylib
0x00007fff56425000 	/System/Library/PrivateFrameworks/FontServices.framework/libhvf.dylib
0x00007fff44267000 	/System/Library/Frameworks/OpenGL.framework/Versions/A/Libraries/libGFXShared.dylib
0x00007fff44444000 	/System/Library/Frameworks/OpenGL.framework/Versions/A/Libraries/libGLU.dylib
0x00007fff44270000 	/System/Library/Frameworks/OpenGL.framework/Versions/A/Libraries/libGL.dylib
0x00007fff4427b000 	/System/Library/Frameworks/OpenGL.framework/Versions/A/Libraries/libGLImage.dylib
0x00007fff44259000 	/System/Library/Frameworks/OpenGL.framework/Versions/A/Libraries/libCVMSPluginSupport.dylib
0x00007fff44262000 	/System/Library/Frameworks/OpenGL.framework/Versions/A/Libraries/libCoreVMClient.dylib
0x00007fff7018e000 	/usr/lib/libncurses.5.4.dylib
0x00007fff38606000 	/System/Library/Frameworks/ApplicationServices.framework/Versions/A/Frameworks/ATS.framework/Versions/A/ATS
0x00007fff387d3000 	/System/Library/Frameworks/ApplicationServices.framework/Versions/A/Frameworks/ColorSyncLegacy.framework/Versions/A/ColorSyncLegacy
0x00007fff38872000 	/System/Library/Frameworks/ApplicationServices.framework/Versions/A/Frameworks/HIServices.framework/Versions/A/HIServices
0x00007fff388c9000 	/System/Library/Frameworks/ApplicationServices.framework/Versions/A/Frameworks/LangAnalysis.framework/Versions/A/LangAnalysis
0x00007fff388d8000 	/System/Library/Frameworks/ApplicationServices.framework/Versions/A/Frameworks/PrintCore.framework/Versions/A/PrintCore
0x00007fff3891e000 	/System/Library/Frameworks/ApplicationServices.framework/Versions/A/Frameworks/QD.framework/Versions/A/QD
0x00007fff38929000 	/System/Library/Frameworks/ApplicationServices.framework/Versions/A/Frameworks/SpeechSynthesis.framework/Versions/A/SpeechSynthesis
0x00007fff387a3000 	/System/Library/Frameworks/ApplicationServices.framework/Versions/A/Frameworks/ATSUI.framework/Versions/A/ATSUI
0x00007fff6f5cb000 	/usr/lib/libcups.2.dylib
0x00007fff3ee6c000 	/System/Library/Frameworks/Kerberos.framework/Versions/A/Kerberos
0x00007fff3d0ec000 	/System/Library/Frameworks/GSS.framework/Versions/A/GSS
0x00007fff70904000 	/usr/lib/libresolv.9.dylib
0x00007fff5c5b1000 	/System/Library/PrivateFrameworks/Heimdal.framework/Versions/A/Heimdal
0x00007fff3ee7f000 	/System/Library/Frameworks/Kerberos.framework/Versions/A/Libraries/libHeimdalProxy.dylib
0x00007fff6f775000 	/usr/lib/libheimdal-asn1.dylib
0x00007fff50c33000 	/System/Library/PrivateFrameworks/CommonAuth.framework/Versions/A/CommonAuth
0x00007fff4de7e000 	/System/Library/PrivateFrameworks/AssertionServices.framework/Versions/A/AssertionServices
0x00007fff4ea21000 	/System/Library/PrivateFrameworks/AudioToolboxCore.framework/Versions/A/AudioToolboxCore
0x00007fff6dd63000 	/System/Library/PrivateFrameworks/caulk.framework/Versions/A/caulk
0x00007fff4efdf000 	/System/Library/PrivateFrameworks/BaseBoard.framework/Versions/A/BaseBoard
0x00007fff65bbf000 	/System/Library/PrivateFrameworks/RunningBoardServices.framework/Versions/A/RunningBoardServices
0x00007fff62c88000 	/System/Library/PrivateFrameworks/PersistentConnection.framework/Versions/A/PersistentConnection
0x00007fff6560e000 	/System/Library/PrivateFrameworks/ProtocolBuffer.framework/Versions/A/ProtocolBuffer
0x00007fff50c58000 	/System/Library/PrivateFrameworks/CommonUtilities.framework/Versions/A/CommonUtilities
0x00007fff4f162000 	/System/Library/PrivateFrameworks/Bom.framework/Versions/A/Bom
0x00007fff6e3d8000 	/usr/lib/libAudioToolboxUtility.dylib
0x00007fff4ef3d000 	/System/Library/PrivateFrameworks/Backup.framework/Versions/A/Backup
0x00007fff53a48000 	/System/Library/PrivateFrameworks/CrashReporterSupport.framework/Versions/A/CrashReporterSupport
0x00007fff676bb000 	/System/Library/PrivateFrameworks/Sharing.framework/Versions/A/Sharing
0x00007fff4d622000 	/System/Library/PrivateFrameworks/Apple80211.framework/Versions/A/Apple80211
0x00007fff4ec5f000 	/System/Library/PrivateFrameworks/AuthKit.framework/Versions/A/AuthKit
0x00007fff53778000 	/System/Library/PrivateFrameworks/CoreUtils.framework/Versions/A/CoreUtils
0x00007fff3c652000 	/System/Library/Frameworks/CoreWLAN.framework/Versions/A/CoreWLAN
0x00007fff3d278000 	/System/Library/Frameworks/IOBluetooth.framework/Versions/A/IOBluetooth
0x00007fff608ea000 	/System/Library/PrivateFrameworks/MobileKeyBag.framework/Versions/A/MobileKeyBag
0x00007fff52843000 	/System/Library/PrivateFrameworks/CorePhoneNumbers.framework/Versions/A/CorePhoneNumbers
0x00007fff4d88a000 	/System/Library/PrivateFrameworks/AppleIDAuthSupport.framework/Versions/A/AppleIDAuthSupport
0x00007fff40d11000 	/System/Library/Frameworks/Network.framework/Versions/A/Network
0x00007fff5efaa000 	/System/Library/PrivateFrameworks/KeychainCircle.framework/Versions/A/KeychainCircle
0x00007fff3a0c6000 	/System/Library/Frameworks/CoreBluetooth.framework/Versions/A/CoreBluetooth
0x00007fff69337000 	/System/Library/PrivateFrameworks/SpeechRecognitionCore.framework/Versions/A/SpeechRecognitionCore
0x0000000105400000 	/Library/Java/JavaVirtualMachines/adoptopenjdk-14.jdk/Contents/Home/lib/server/libjvm.dylib
0x0000000102c85000 	/Library/Java/JavaVirtualMachines/adoptopenjdk-14.jdk/Contents/Home/lib/libjimage.dylib
0x0000000102cda000 	/Library/Java/JavaVirtualMachines/adoptopenjdk-14.jdk/Contents/Home/lib/libjava.dylib
0x0000000102d02000 	/Library/Java/JavaVirtualMachines/adoptopenjdk-14.jdk/Contents/Home/lib/libzip.dylib
0x0000000103807000 	/Library/Java/JavaVirtualMachines/adoptopenjdk-14.jdk/Contents/Home/lib/libnio.dylib
0x000000010381a000 	/Library/Java/JavaVirtualMachines/adoptopenjdk-14.jdk/Contents/Home/lib/libnet.dylib
0x0000000103832000 	/Library/Java/JavaVirtualMachines/adoptopenjdk-14.jdk/Contents/Home/lib/libverify.dylib
0x0000000103842000 	/Users/piotr-yuxuan/Library/Caches/JNA/temp/jna8064114215487695207.tmp
0x00007fff3ee67000 	/System/Library/Frameworks/JavaVM.framework/Versions/A/JavaVM
0x00007fff5ee0d000 	/System/Library/PrivateFrameworks/JavaLaunching.framework/Versions/A/JavaLaunching
0x000000013962a000 	/usr/local/Cellar/python/3.7.7/Frameworks/Python.framework/Versions/3.7/Python
0x0000000103999000 	/usr/local/Cellar/python/3.7.7/Frameworks/Python.framework/Versions/3.7/lib/python3.7/lib-dynload/_heapq.cpython-37m-darwin.so
0x00000001039a1000 	/usr/local/Cellar/python/3.7.7/Frameworks/Python.framework/Versions/3.7/lib/python3.7/lib-dynload/_opcode.cpython-37m-darwin.so


VM Arguments:
jvm_args: -Dfile.encoding=UTF-8 -XX:-OmitStackTraceInFastThrow -XX:+TieredCompilation -XX:TieredStopAtLevel=1 -Dclojure.compile.path=/Users/piotr-yuxuan/src/github.com/piotr-yuxuan/minimal-bug/target/classes -Dminimal-bug.version=0.1.0-SNAPSHOT -Dclojure.debug=false
java_command: clojure.main -i /private/var/folders/yq/nvhn59ys14qgz2cnx4bjndpm0000gn/T/form-init3281966151509698416.clj
java_class_path (initial): /Users/piotr-yuxuan/src/github.com/piotr-yuxuan/minimal-bug/test:/Users/piotr-yuxuan/src/github.com/piotr-yuxuan/minimal-bug/src/clojure:/Users/piotr-yuxuan/src/github.com/piotr-yuxuan/minimal-bug/dev-resources:/Users/piotr-yuxuan/src/github.com/piotr-yuxuan/minimal-bug/resources:/Users/piotr-yuxuan/src/github.com/piotr-yuxuan/minimal-bug/target/classes:/Users/piotr-yuxuan/.m2/repository/org/apache/commons/commons-math3/3.6.1/commons-math3-3.6.1.jar:/Users/piotr-yuxuan/.m2/repository/org/clojure/math.combinatorics/0.1.6/math.combinatorics-0.1.6.jar:/Users/piotr-yuxuan/.m2/repository/com/tdunning/t-digest/3.2/t-digest-3.2.jar:/Users/piotr-yuxuan/.m2/repository/nrepl/nrepl/0.6.0/nrepl-0.6.0.jar:/Users/piotr-yuxuan/.m2/repository/org/clojure/tools.analyzer.jvm/0.7.3/tools.analyzer.jvm-0.7.3.jar:/Users/piotr-yuxuan/.m2/repository/clojure-complete/clojure-complete/0.2.5/clojure-complete-0.2.5.jar:/Users/piotr-yuxuan/.m2/repository/com/brunobonacci/safely/0.5.0/safely-0.5.0.jar:/Users/piotr-yuxuan/.m2/repository/org/clojure/tools.reader/1.3.2/tools.reader-1.3.2.jar:/Users/piotr-yuxuan/.m2/repository/techascent/tech.datatype/5.0-beta-30/tech.datatype-5.0-beta-30.jar:/Users/piotr-yuxuan/.m2/repository/org/clojure/data.json/0.2.7/data.json-0.2.7.jar:/Users/piotr-yuxuan/.m2/repository/camel-snake-kebab/camel-snake-kebab/0.4.0/camel-snake-kebab-0.4.0.jar:/Users/piotr-yuxuan/.m2/repository/metrics-clojure/metrics-clojure/2.10.0/metrics-clojure-2.10.0.jar:/Users/piotr-yuxuan/.m2/repository/defun/defun/0.3.1/defun-0.3.1.jar:/Users/piotr-yuxuan/.m2/repository/clj-python/libpython-clj/1.44/libpython-clj-1.44.jar:/Users/piotr-yuxuan/.m2/repository/org/clojure/test.check/1.0.0/test.check-1.0.0.jar:/Users/piotr-yuxuan/.m2/repository/kixi/stats/0.5.2/stats-0.5.2.jar:/Users/piotr-yuxuan/.m2/repository/org/clojure/tools.macro/0.1.2/tools.macro-0.1.2.jar:/Users/piotr-yuxuan/.m2/repository/techascent/tech.resource/4.6/tech.resource-4.6.jar:/Users/piotr-yuxuan/.m2/repository/io/dropwizard/metrics/metrics-core/3.2.2/metrics-core-3.2.2.jar:/Users/piotr-yuxuan/.m2/repository/org/clojure/core.async/0.7.559/core.async-0.7.559.jar:/Users/piotr-yuxuan/.m2/repository/org/ow2/asm/asm/7.1/asm-7.1.jar:
Launcher Type: SUN_STANDARD

[Global flags]
     intx CICompilerCount                          = 4                                         {product} {ergonomic}
     uint ConcGCThreads                            = 3                                         {product} {ergonomic}
     uint G1ConcRefinementThreads                  = 10                                        {product} {ergonomic}
   size_t G1HeapRegionSize                         = 2097152                                   {product} {ergonomic}
    uintx GCDrainStackTargetSize                   = 64                                        {product} {ergonomic}
   size_t InitialHeapSize                          = 536870912                                 {product} {ergonomic}
   size_t MarkStackSize                            = 4194304                                   {product} {ergonomic}
   size_t MaxHeapSize                              = 8589934592                                {product} {ergonomic}
   size_t MaxNewSize                               = 5152702464                                {product} {ergonomic}
   size_t MinHeapDeltaBytes                        = 2097152                                   {product} {ergonomic}
   size_t MinHeapSize                              = 8388608                                   {product} {ergonomic}
    uintx NonNMethodCodeHeapSize                   = 7549744                                {pd product} {ergonomic}
    uintx NonProfiledCodeHeapSize                  = 244108496                              {pd product} {ergonomic}
     bool OmitStackTraceInFastThrow                = false                                     {product} {command line}
    uintx ProfiledCodeHeapSize                     = 0                                      {pd product} {ergonomic}
    uintx ReservedCodeCacheSize                    = 251658240                              {pd product} {ergonomic}
     bool SegmentedCodeCache                       = true                                      {product} {ergonomic}
   size_t SoftMaxHeapSize                          = 8589934592                             {manageable} {ergonomic}
     bool TieredCompilation                        = true                                   {pd product} {command line}
     intx TieredStopAtLevel                        = 1                                         {product} {command line}
     bool UseCompressedClassPointers               = true                                 {lp64_product} {ergonomic}
     bool UseCompressedOops                        = true                                 {lp64_product} {ergonomic}
     bool UseG1GC                                  = true                                      {product} {ergonomic}

Logging:
Log output configuration:
 #0: stdout all=warning uptime,level,tags
 #1: stderr all=off uptime,level,tags

Environment Variables:
PATH=/usr/local/bin:/usr/local/sbin:/usr/bin:/bin:/usr/sbin:/sbin:/usr/local/opt/coreutils/libexec/gnubin:/Users/piotr-yuxuan/.perl5/bin:/Users/piotr-yuxuan/.cargo/bin:/Users/piotr-yuxuan/Library/Android/sdk/tools:/Users/piotr-yuxuan/Library/Android/sdk/tools/bin:/Users/piotr-yuxuan/Library/Android/sdk/platform-tools:/Users/piotr-yuxuan/src:/usr/local/opt/fzf/bin
SHELL=/bin/zsh
DISPLAY=/private/tmp/com.apple.launchd.Duhwcl9kWw/org.macosforge.xquartz:0

Signal Handlers:
SIGSEGV: [libjvm.dylib+0x7bb850], sa_mask[0]=11111111011111110111111111111111, sa_flags=SA_ONSTACK|SA_RESTART|SA_SIGINFO
SIGBUS: [libjvm.dylib+0x7bb850], sa_mask[0]=11111111011111110111111111111111, sa_flags=SA_RESTART|SA_SIGINFO
SIGFPE: [libjvm.dylib+0x7bb850], sa_mask[0]=11111111011111110111111111111111, sa_flags=SA_RESTART|SA_SIGINFO
SIGPIPE: [libjvm.dylib+0x5f8595], sa_mask[0]=11111111011111110111111111111111, sa_flags=SA_RESTART|SA_SIGINFO
SIGXFSZ: [libjvm.dylib+0x5f8595], sa_mask[0]=11111111011111110111111111111111, sa_flags=SA_RESTART|SA_SIGINFO
SIGILL: [libjvm.dylib+0x7bb850], sa_mask[0]=11111111011111110111111111111111, sa_flags=SA_RESTART|SA_SIGINFO
SIGUSR2: [libjvm.dylib+0x5f8b65], sa_mask[0]=00100000000000000000000000000000, sa_flags=SA_RESTART|SA_SIGINFO
SIGHUP: [libjvm.dylib+0x5f7bc5], sa_mask[0]=11111111011111110111111111111111, sa_flags=SA_RESTART|SA_SIGINFO
SIGINT: [libjvm.dylib+0x5f7bc5], sa_mask[0]=11111111011111110111111111111111, sa_flags=SA_RESTART|SA_SIGINFO
SIGTERM: [libjvm.dylib+0x5f7bc5], sa_mask[0]=11111111011111110111111111111111, sa_flags=SA_RESTART|SA_SIGINFO
SIGQUIT: [libjvm.dylib+0x5f7bc5], sa_mask[0]=11111111011111110111111111111111, sa_flags=SA_RESTART|SA_SIGINFO


---------------  S Y S T E M  ---------------

OS:uname:Darwin 19.3.0 Darwin Kernel Version 19.3.0: Thu Jan  9 20:58:23 PST 2020; root:xnu-6153.81.5~1/RELEASE_X86_64 x86_64
OS uptime: 14 days 7:46 hours
rlimit: STACK 8192k, CORE 0k, NPROC 5568, NOFILE 10240, AS infinity, DATA infinity, FSIZE infinity
load average:2.11 2.12 2.21

CPU:total 12 (initial active 12) (6 cores per cpu, 2 threads per core) family 6 model 158 stepping 10, cmov, cx8, fxsr, mmx, sse, sse2, sse3, ssse3, sse4.1, sse4.2, popcnt, avx, avx2, aes, clmul, erms, 3dnowpref, lzcnt, ht, tsc, tscinvbit, bmi1, bmi2, adx, fma

Memory: 4k page, physical 33554432k(323084k free), swap 5242880k(1275392k free)

vm_info: OpenJDK 64-Bit Server VM (14+36) for bsd-amd64 JRE (14+36), built on Mar 17 2020 19:49:15 by "jenkins" with clang 4.2.1 Compatible Apple LLVM 10.0.1 (clang-1001.0.46.4)

END.
